
Showing logs for build [32mjenkins-x-labs-bot-bdd-gh-15859-v4qx6-1[0m stage [32mfrom-build-pack[0m and container [32mstep-credential-initializer-6vgpg[0m
{"level":"warn","ts":1585994624.3723261,"logger":"fallback-logger","caller":"logging/config.go:69","msg":"Fetch GitHub commit ID from kodata failed: \"ref: refs/heads/0.8.0-**-support-backwards-incompats\" is not a valid GitHub commit ID"}
{"level":"info","ts":1585994624.3728669,"logger":"fallback-logger","caller":"creds-init/main.go:40","msg":"Credentials initialized."}

Showing logs for build [32mjenkins-x-labs-bot-bdd-gh-15859-v4qx6-1[0m stage [32mfrom-build-pack[0m and container [32mstep-working-dir-initializer-rgk8r[0m
{"level":"warn","ts":1585994625.3384066,"logger":"fallback-logger","caller":"logging/config.go:69","msg":"Fetch GitHub commit ID from kodata failed: open /var/run/ko/HEAD: no such file or directory"}
{"level":"info","ts":1585994625.3395092,"logger":"fallback-logger","caller":"bash/main.go:64","msg":"Successfully executed command \"sh -c mkdir -p /workspace/source\"; output "}

Showing logs for build [32mjenkins-x-labs-bot-bdd-gh-15859-v4qx6-1[0m stage [32mfrom-build-pack[0m and container [32mstep-place-tools[0m

Showing logs for build [32mjenkins-x-labs-bot-bdd-gh-15859-v4qx6-1[0m stage [32mfrom-build-pack[0m and container [32mstep-git-source-jenkins-x-labs-bot-bdd-gh-15859-v4qx6-h5kzn[0m
{"level":"warn","ts":1585994631.5081623,"logger":"fallback-logger","caller":"logging/config.go:69","msg":"Fetch GitHub commit ID from kodata failed: \"ref: refs/heads/0.8.0-**-support-backwards-incompats\" is not a valid GitHub commit ID"}
{"level":"info","ts":1585994632.532275,"logger":"fallback-logger","caller":"git/git.go:103","msg":"Successfully cloned https://github.com/******************/bdd-gh-1585994144.git @ master in path /workspace/source"}

Showing logs for build [32mjenkins-x-labs-bot-bdd-gh-15859-v4qx6-1[0m stage [32mfrom-build-pack[0m and container [32mstep-git-merge[0m
Using SHAs from PULL_REFS=master:89c21df36658381ae6b9d69cd4a4e720a75549dc,1:f8c7fccf0abd39dc966ee93adde074a262c0cddd
DEBUG: LC_ALL=C JX_LOG_LEVEL=error git fetch origin --unshallow f8c7fccf0abd39dc966ee93adde074a262c0cddd: 89c21df36658381ae6b9d69cd4a4e720a75549dc:
DEBUG: ran git fetch --unshallow origin f8c7fccf0abd39dc966ee93adde074a262c0cddd: 89c21df36658381ae6b9d69cd4a4e720a75549dc: in 
DEBUG: LC_ALL=C JX_LOG_LEVEL=error git branch
DEBUG: LC_ALL=C JX_LOG_LEVEL=error git checkout master
DEBUG: ran git checkout master in 
DEBUG: LC_ALL=C JX_LOG_LEVEL=error git reset --hard 89c21df36658381ae6b9d69cd4a4e720a75549dc
DEBUG: ran git reset --hard 89c21df36658381ae6b9d69cd4a4e720a75549dc in 
DEBUG: LC_ALL=C JX_LOG_LEVEL=error git clean -fd .
DEBUG: ran clean --force -d . in 
DEBUG: LC_ALL=C JX_LOG_LEVEL=error git merge f8c7fccf0abd39dc966ee93adde074a262c0cddd
DEBUG: ran git merge f8c7fccf0abd39dc966ee93adde074a262c0cddd in 
DEBUG: JX_LOG_LEVEL=error LC_ALL=C git log --format=%H%x1f%an%x1f%ae%x1f%cn%x1f%ce%x1f%s%n%b%x1e 89c21df36658381ae6b9d69cd4a4e720a75549dc..HEAD
Merged SHA f8c7fccf0abd39dc966ee93adde074a262c0cddd with commit message 'My first PR commit' into base branch master

Showing logs for build [32mjenkins-x-labs-bot-bdd-gh-15859-v4qx6-1[0m stage [32mfrom-build-pack[0m and container [32mstep-build-make-linux[0m
CGO_ENABLED=0 GOOS=linux GOARCH=amd64 GO15VENDOREXPERIMENT=1 go build -ldflags '' -o bin/bdd-gh-1585994144 main.go

Showing logs for build [32mjenkins-x-labs-bot-bdd-gh-15859-v4qx6-1[0m stage [32mfrom-build-pack[0m and container [32mstep-build-container-build[0m
ERROR: logging before flag.Parse: E0404 10:03:59.251335      13 metadata.go:241] Failed to unmarshal scopes: invalid character 'h' looking for beginning of value
[36mINFO[0m[0000] No base image, nothing to extract            
[36mINFO[0m[0000] cmd: EXPOSE                                  
[36mINFO[0m[0000] Adding exposed port: 8080/tcp                
[36mINFO[0m[0000] Using files from context: [/workspace/source/bin] 
[36mINFO[0m[0000] Skipping unpacking as no commands require it. 
[36mINFO[0m[0000] Taking snapshot of full filesystem...        
[36mINFO[0m[0000] EXPOSE 8080                                  
[36mINFO[0m[0000] cmd: EXPOSE                                  
[36mINFO[0m[0000] Adding exposed port: 8080/tcp                
[36mINFO[0m[0000] No files changed in this command, skipping snapshotting. 
[36mINFO[0m[0000] ENTRYPOINT ["/bdd-gh-1585994144"]            
[36mINFO[0m[0000] No files changed in this command, skipping snapshotting. 
[36mINFO[0m[0000] Using files from context: [/workspace/source/bin] 
[36mINFO[0m[0000] COPY ./bin/ /                                
[36mINFO[0m[0000] Taking snapshot of files...                  
2020/04/04 10:04:02 pushed blob: sha256:679d6a2d5b1880edebac113fbfdc0d2e4417ab9db9c60815027a96235e9b85bb
2020/04/04 10:04:04 pushed blob: sha256:7085bc0755eebbf7cff4348a9ea328ff8409d323852603d7b435acdd116a1fbf
2020/04/04 10:04:05 gcr.io/jenkins-x-labs-bdd/bdd-gh-1585994144:0.0.0-SNAPSHOT-PR-1-1: digest: sha256:7f33df7e96f79c83385bcd6f5d401a333b76bd4cf44c01917d57d250f40cef20 size: 428

Showing logs for build [32mjenkins-x-labs-bot-bdd-gh-15859-v4qx6-1[0m stage [32mfrom-build-pack[0m and container [32mstep-postbuild-post-build[0m
no CVE provider running in the current ** namespace so skip adding image to be analysed

Showing logs for build [32mjenkins-x-labs-bot-bdd-gh-15859-v4qx6-1[0m stage [32mfrom-build-pack[0m and container [32mstep-promote-make-preview[0m
sed -i -e "s/version:.*/version: 0.0.0-SNAPSHOT-PR-1-1/" Chart.yaml
sed -i -e "s/version:.*/version: 0.0.0-SNAPSHOT-PR-1-1/" ../*/Chart.yaml
sed -i -e "s|repository:.*|repository: gcr.io\/jenkins-x-labs-bdd\/bdd-gh-1585994144|" values.yaml
sed -i -e "s/tag:.*/tag: 0.0.0-SNAPSHOT-PR-1-1/" values.yaml
echo "  version: 0.0.0-SNAPSHOT-PR-1-1" >> requirements.yaml
** step helm build
WARNING: No $CHART_REPOSITORY defined so using the default value of: http://jenkins-x-chartmuseum:8080
Adding missing Helm repo: storage.googleapis.com https://storage.googleapis.com/chartmuseum.jenkins-x.io
Successfully added Helm repository storage.googleapis.com.
Adding missing Helm repo: jenkins-x-chartmuseum http://jenkins-x-chartmuseum:8080
Successfully added Helm repository jenkins-x-chartmuseum.
WARNING: No $CHART_REPOSITORY defined so using the default value of: http://jenkins-x-chartmuseum:8080

Showing logs for build [32mjenkins-x-labs-bot-bdd-gh-15859-v4qx6-1[0m stage [32mfrom-build-pack[0m and container [32mstep-promote-jx-preview[0m
Creating a preview
Created environment ******************-bdd-gh-1585994144-pr-1
Namespace **-******************-bdd-gh-1585994144-pr-1 created 
expose:
  Annotations:
    helm.sh/hook: post-install,post-upgrade
    helm.sh/hook-delete-policy: hook-succeeded
  config:
    domain: 35.240.78.185.nip.io
    exposer: Ingress
    http: "true"
preview:
  image:
    repository: gcr.io/jenkins-x-labs-bdd/bdd-gh-1585994144
    tag: 0.0.0-SNAPSHOT-PR-1-1
adding helm values file /workspace/source/charts/preview/**Requirements.values.yaml for namespace **-******************-bdd-gh-1585994144-pr-1
Updating PipelineActivities ******************-bdd-gh-1585994144-pr-1-1 which has status Running
WARNING: preview application http://bdd-gh-1585994144-**-******************-bdd-gh-1585994144-pr-1.35.240.78.185.nip.io not available, error was 503 503 Service Temporarily Unavailable, delaying for: 1.252573036s
Preview application is now available at: http://bdd-gh-1585994144-**-******************-bdd-gh-1585994144-pr-1.35.240.78.185.nip.io
